2025-11-05 20:52:32.104 [JavaFX-Launcher] INFO  com.datacomp.ui.DataCompApp - Initializing DataComp application
2025-11-05 20:52:32.388 [JavaFX Application Thread] INFO  com.datacomp.ui.MainViewController - Initializing main view controller
2025-11-05 20:52:33.376 [JavaFX Application Thread] INFO  com.datacomp.service.gpu.GpuFrequencyService - Selected GPU device: NVIDIA GeForce MX330 CL_DEVICE_TYPE_GPU (available)
2025-11-05 20:52:33.849 [JavaFX Application Thread] INFO  com.datacomp.service.gpu.GpuCompressionService - GPU compression service initialized: GPU (NVIDIA GeForce MX330 CL_DEVICE_TYPE_GPU (available))
2025-11-05 20:52:33.869 [JavaFX Application Thread] INFO  com.datacomp.service.ServiceFactory - Using GPU compression service
2025-11-05 20:52:34.137 [JavaFX Application Thread] INFO  com.datacomp.ui.DataCompApp - Application started successfully
2025-11-05 20:52:40.387 [JavaFX Application Thread] INFO  com.datacomp.service.gpu.GpuFrequencyService - Selected GPU device: NVIDIA GeForce MX330 CL_DEVICE_TYPE_GPU (available)
2025-11-05 20:52:40.404 [JavaFX Application Thread] INFO  com.datacomp.service.gpu.GpuCompressionService - GPU compression service initialized: GPU (NVIDIA GeForce MX330 CL_DEVICE_TYPE_GPU (available))
2025-11-05 20:52:40.418 [JavaFX Application Thread] INFO  com.datacomp.service.ServiceFactory - Using GPU compression service
2025-11-05 20:52:48.358 [pool-3-thread-1] INFO  com.datacomp.service.gpu.GpuCompressionService - 🚀 Starting GPU-ACCELERATED compression
2025-11-05 20:52:48.359 [pool-3-thread-1] INFO  com.datacomp.service.gpu.GpuCompressionService - 🎮 GPU Device: GPU (NVIDIA GeForce MX330 CL_DEVICE_TYPE_GPU (available))
2025-11-05 20:52:48.359 [pool-3-thread-1] INFO  com.datacomp.service.gpu.GpuCompressionService - GPU Compressing input-dec.tar (61419520 bytes) into 1 chunks
2025-11-05 20:52:49.330 [pool-3-thread-1] WARN  com.datacomp.service.gpu.GpuCompressionService - ❌ GPU encoding failed: [ERROR] Unable to allocate 536870936 bytes of memory.[33m
	To increase the maximum device memory, use -Dtornado.device.memory=<X>GB
[0m - Falling back to multi-threaded CPU
2025-11-05 20:52:51.212 [pool-3-thread-1] INFO  com.datacomp.service.gpu.GpuCompressionService - GPU Compression complete: 61419520 -> 50463077 bytes ({:.2f}%) in {:.2f}s ({:.2f} MB/s)
2025-11-05 20:52:51.212 [pool-3-thread-1] INFO  com.datacomp.service.gpu.GpuCompressionService - ✅ GPU compression completed successfully
2025-11-05 20:53:07.178 [JavaFX Application Thread] INFO  com.datacomp.service.gpu.GpuFrequencyService - Selected GPU device: NVIDIA GeForce MX330 CL_DEVICE_TYPE_GPU (available)
2025-11-05 20:53:07.205 [JavaFX Application Thread] INFO  com.datacomp.service.gpu.GpuCompressionService - GPU compression service initialized: GPU (NVIDIA GeForce MX330 CL_DEVICE_TYPE_GPU (available))
2025-11-05 20:53:07.227 [JavaFX Application Thread] INFO  com.datacomp.service.ServiceFactory - Using GPU compression service
2025-11-05 20:53:08.454 [JavaFX Application Thread] INFO  com.datacomp.service.gpu.GpuFrequencyService - Selected GPU device: NVIDIA GeForce MX330 CL_DEVICE_TYPE_GPU (available)
2025-11-05 20:53:08.469 [JavaFX Application Thread] INFO  com.datacomp.service.gpu.GpuCompressionService - GPU compression service initialized: GPU (NVIDIA GeForce MX330 CL_DEVICE_TYPE_GPU (available))
2025-11-05 20:53:08.486 [JavaFX Application Thread] INFO  com.datacomp.service.ServiceFactory - Using GPU compression service
2025-11-05 20:53:13.764 [JavaFX Application Thread] INFO  com.datacomp.ui.DataCompApp - Application stopping
2025-11-05 20:53:26.851 [Test worker] INFO  com.datacomp.util.TestDataGenerator - Generating 1MB random test file: /tmp/junit6927913104188707248/test.bin
2025-11-05 20:53:26.864 [Test worker] INFO  com.datacomp.util.TestDataGenerator - Test file generated: 1048576 bytes
2025-11-05 20:53:26.864 [Test worker] INFO  com.datacomp.benchmark.BenchmarkSuite - Starting benchmark suite on file: /tmp/junit6927913104188707248/test.bin
2025-11-05 20:53:26.866 [Test worker] INFO  com.datacomp.benchmark.BenchmarkSuite - Benchmarking CPU: CPU Compression
2025-11-05 20:53:26.867 [Test worker] INFO  com.datacomp.service.cpu.CpuCompressionService - Compressing test.bin (1048576 bytes) into 1 chunks
2025-11-05 20:53:27.217 [Test worker] INFO  com.datacomp.service.cpu.CpuCompressionService - Compression complete: 1048576 -> 1049224 bytes ({:.2f}%) in {:.2f}s ({:.2f} MB/s)
2025-11-05 20:53:27.218 [Test worker] INFO  com.datacomp.service.cpu.CpuCompressionService - Compressing test.bin (1048576 bytes) into 1 chunks
2025-11-05 20:53:27.515 [Test worker] INFO  com.datacomp.service.cpu.CpuCompressionService - Compression complete: 1048576 -> 1049224 bytes ({:.2f}%) in {:.2f}s ({:.2f} MB/s)
2025-11-05 20:53:27.516 [Test worker] INFO  com.datacomp.service.cpu.CpuCompressionService - Compressing test.bin (1048576 bytes) into 1 chunks
2025-11-05 20:53:27.823 [Test worker] INFO  com.datacomp.service.cpu.CpuCompressionService - Compression complete: 1048576 -> 1049224 bytes ({:.2f}%) in {:.2f}s ({:.2f} MB/s)
2025-11-05 20:53:27.823 [Test worker] INFO  com.datacomp.service.cpu.CpuCompressionService - Compressing test.bin (1048576 bytes) into 1 chunks
2025-11-05 20:53:28.013 [Test worker] INFO  com.datacomp.service.cpu.CpuCompressionService - Compression complete: 1048576 -> 1049224 bytes ({:.2f}%) in {:.2f}s ({:.2f} MB/s)
2025-11-05 20:53:28.013 [Test worker] INFO  com.datacomp.service.cpu.CpuCompressionService - Compressing test.bin (1048576 bytes) into 1 chunks
2025-11-05 20:53:28.093 [Test worker] INFO  com.datacomp.service.cpu.CpuCompressionService - Compression complete: 1048576 -> 1049224 bytes ({:.2f}%) in {:.2f}s ({:.2f} MB/s)
2025-11-05 20:53:28.093 [Test worker] INFO  com.datacomp.service.cpu.CpuCompressionService - Compressing test.bin (1048576 bytes) into 1 chunks
2025-11-05 20:53:28.204 [Test worker] INFO  com.datacomp.service.cpu.CpuCompressionService - Compression complete: 1048576 -> 1049224 bytes ({:.2f}%) in {:.2f}s ({:.2f} MB/s)
2025-11-05 20:53:28.205 [Test worker] INFO  com.datacomp.service.cpu.CpuCompressionService - Compressing test.bin (1048576 bytes) into 1 chunks
2025-11-05 20:53:28.318 [Test worker] INFO  com.datacomp.service.cpu.CpuCompressionService - Compression complete: 1048576 -> 1049224 bytes ({:.2f}%) in {:.2f}s ({:.2f} MB/s)
2025-11-05 20:53:28.318 [Test worker] INFO  com.datacomp.service.cpu.CpuCompressionService - Compressing test.bin (1048576 bytes) into 1 chunks
2025-11-05 20:53:28.410 [Test worker] INFO  com.datacomp.service.cpu.CpuCompressionService - Compression complete: 1048576 -> 1049224 bytes ({:.2f}%) in {:.2f}s ({:.2f} MB/s)
2025-11-05 20:53:28.411 [Test worker] INFO  com.datacomp.benchmark.BenchmarkSuite - Benchmark complete: CPU [CPU Compression]: 8.95 MB/s, 100.06% compression, 0.117s total
2025-11-05 20:53:28.414 [Test worker] WARN  com.datacomp.service.gpu.GpuFrequencyService - Failed to initialize TornadoVM device: null
2025-11-05 20:53:28.414 [Test worker] WARN  com.datacomp.service.gpu.GpuCompressionService - GPU not available, will use CPU fallback
2025-11-05 20:53:28.414 [Test worker] INFO  com.datacomp.benchmark.BenchmarkSuite - GPU not available, skipping GPU benchmark
2025-11-05 20:53:28.440 [Test worker] INFO  com.datacomp.service.cpu.CpuCompressionService - Compressing random.bin (10240 bytes) into 1 chunks
2025-11-05 20:53:28.442 [Test worker] INFO  com.datacomp.service.cpu.CpuCompressionService - Compression complete: 10240 -> 10889 bytes ({:.2f}%) in {:.2f}s ({:.2f} MB/s)
2025-11-05 20:53:28.442 [Test worker] INFO  com.datacomp.service.cpu.CpuCompressionService - Decompressing random.dcz to random.decompressed.bin
2025-11-05 20:53:28.442 [Test worker] INFO  com.datacomp.service.cpu.CpuCompressionService - Decompressing 1 chunks, original size: 10240 bytes
2025-11-05 20:53:28.447 [Test worker] INFO  com.datacomp.service.cpu.CpuCompressionService - Decompression complete: 10240 bytes in {:.2f}s ({:.2f} MB/s)
2025-11-05 20:53:28.451 [Test worker] INFO  com.datacomp.service.cpu.CpuCompressionService - Compressing test.txt (1300 bytes) into 1 chunks
2025-11-05 20:53:28.452 [Test worker] INFO  com.datacomp.service.cpu.CpuCompressionService - Compression complete: 1300 -> 1148 bytes ({:.2f}%) in {:.2f}s ({:.2f} MB/s)
2025-11-05 20:53:28.452 [Test worker] INFO  com.datacomp.service.cpu.CpuCompressionService - Decompressing test.dcz to test.decompressed.txt
2025-11-05 20:53:28.452 [Test worker] INFO  com.datacomp.service.cpu.CpuCompressionService - Decompressing 1 chunks, original size: 1300 bytes
2025-11-05 20:53:28.453 [Test worker] INFO  com.datacomp.service.cpu.CpuCompressionService - Decompression complete: 1300 bytes in {:.2f}s ({:.2f} MB/s)
2025-11-05 20:53:28.456 [Test worker] INFO  com.datacomp.service.cpu.CpuCompressionService - Compressing empty.txt (0 bytes) into 0 chunks
2025-11-05 20:53:28.456 [Test worker] INFO  com.datacomp.service.cpu.CpuCompressionService - Compression complete: 0 -> 77 bytes ({:.2f}%) in {:.2f}s ({:.2f} MB/s)
2025-11-05 20:53:28.456 [Test worker] INFO  com.datacomp.service.cpu.CpuCompressionService - Decompressing empty.dcz to empty.decompressed.txt
2025-11-05 20:53:28.457 [Test worker] INFO  com.datacomp.service.cpu.CpuCompressionService - Decompressing 0 chunks, original size: 0 bytes
2025-11-05 20:53:28.457 [Test worker] INFO  com.datacomp.service.cpu.CpuCompressionService - Decompression complete: 0 bytes in {:.2f}s ({:.2f} MB/s)
2025-11-05 20:53:28.471 [Test worker] INFO  com.datacomp.service.cpu.CpuCompressionService - Compressing large.bin (3145728 bytes) into 3 chunks
2025-11-05 20:53:28.669 [Test worker] INFO  com.datacomp.service.cpu.CpuCompressionService - Compression complete: 3145728 -> 3147521 bytes ({:.2f}%) in {:.2f}s ({:.2f} MB/s)
2025-11-05 20:53:28.670 [Test worker] INFO  com.datacomp.service.cpu.CpuCompressionService - Decompressing large.dcz to large.decompressed.bin
2025-11-05 20:53:28.670 [Test worker] INFO  com.datacomp.service.cpu.CpuCompressionService - Decompressing 3 chunks, original size: 3145728 bytes
2025-11-05 20:53:28.789 [Test worker] INFO  com.datacomp.service.cpu.CpuCompressionService - Decompression complete: 3145728 bytes in {:.2f}s ({:.2f} MB/s)
2025-11-05 20:53:28.799 [Test worker] INFO  com.datacomp.service.cpu.CpuCompressionService - Compressing test.txt (29 bytes) into 1 chunks
2025-11-05 20:53:28.800 [Test worker] INFO  com.datacomp.service.cpu.CpuCompressionService - Compression complete: 29 -> 663 bytes ({:.2f}%) in {:.2f}s ({:.2f} MB/s)
2025-11-05 20:53:28.817 [Test worker] WARN  com.datacomp.service.gpu.GpuFrequencyService - Failed to initialize TornadoVM device: Could not initialize class uk.ac.manchester.tornado.api.runtime.TornadoRuntimeProvider
